# JRE version: Java(TM) SE Runtime Environment (8.0_201-b09) (build 1.8.0_201-b09)
# Java VM: Java HotSpot(TM) 64-Bit Server VM (25.201-b09 mixed mode windows-amd64 compressed oops)
Heap:
 PSYoungGen      total 154112K, used 55235K [0x00000000d5f00000, 0x00000000e1800000, 0x0000000100000000)
  eden space 143872K, 31% used [0x00000000d5f00000,0x00000000d8b3df70,0x00000000deb80000)
  from space 10240K, 96% used [0x00000000e0e00000,0x00000000e17b2d50,0x00000000e1800000)
  to   space 13312K, 0% used [0x00000000dfe00000,0x00000000dfe00000,0x00000000e0b00000)
 ParOldGen       total 97280K, used 18192K [0x0000000081c00000, 0x0000000087b00000, 0x00000000d5f00000)
  object space 97280K, 18% used [0x0000000081c00000,0x0000000082dc4030,0x0000000087b00000)
 Metaspace       used 42381K, capacity 44318K, committed 44672K, reserved 1087488K
  class space    used 5544K, capacity 5912K, committed 6016K, reserved 1048576K
GC Heap History (10 events):
Event: 3.750 GC heap before
{Heap before GC invocations=6 (full 1):
 PSYoungGen      total 71680K, used 66560K [0x00000000d5f00000, 0x00000000daa00000, 0x0000000100000000)
  eden space 66560K, 100% used [0x00000000d5f00000,0x00000000da000000,0x00000000da000000)
  from space 5120K, 0% used [0x00000000da500000,0x00000000da500000,0x00000000daa00000)
  to   space 5120K, 0% used [0x00000000da000000,0x00000000da000000,0x00000000da500000)
 ParOldGen       total 57856K, used 7932K [0x0000000081c00000, 0x0000000085480000, 0x00000000d5f00000)
  object space 57856K, 13% used [0x0000000081c00000,0x00000000823bf320,0x0000000085480000)
 Metaspace       used 24202K, capacity 25060K, committed 25216K, reserved 1071104K
  class space    used 3183K, capacity 3418K, committed 3456K, reserved 1048576K
Event: 3.756 GC heap after
Heap after GC invocations=6 (full 1):
 PSYoungGen      total 71680K, used 5109K [0x00000000d5f00000, 0x00000000dd900000, 0x0000000100000000)
  eden space 66560K, 0% used [0x00000000d5f00000,0x00000000d5f00000,0x00000000da000000)
  from space 5120K, 99% used [0x00000000da000000,0x00000000da4fd728,0x00000000da500000)
  to   space 9216K, 0% used [0x00000000dd000000,0x00000000dd000000,0x00000000dd900000)
 ParOldGen       total 57856K, used 8838K [0x0000000081c00000, 0x0000000085480000, 0x00000000d5f00000)
  object space 57856K, 15% used [0x0000000081c00000,0x00000000824a1a40,0x0000000085480000)
 Metaspace       used 24202K, capacity 25060K, committed 25216K, reserved 1071104K
  class space    used 3183K, capacity 3418K, committed 3456K, reserved 1048576K
}
Event: 4.373 GC heap before
{Heap before GC invocations=7 (full 1):
 PSYoungGen      total 71680K, used 71669K [0x00000000d5f00000, 0x00000000dd900000, 0x0000000100000000)
  eden space 66560K, 100% used [0x00000000d5f00000,0x00000000da000000,0x00000000da000000)
  from space 5120K, 99% used [0x00000000da000000,0x00000000da4fd728,0x00000000da500000)
  to   space 9216K, 0% used [0x00000000dd000000,0x00000000dd000000,0x00000000dd900000)
 ParOldGen       total 57856K, used 8838K [0x0000000081c00000, 0x0000000085480000, 0x00000000d5f00000)
  object space 57856K, 15% used [0x0000000081c00000,0x00000000824a1a40,0x0000000085480000)
 Metaspace       used 28331K, capacity 29328K, committed 29440K, reserved 1075200K
  class space    used 3761K, capacity 3990K, committed 4096K, reserved 1048576K
Event: 4.383 GC heap after
Heap after GC invocations=7 (full 1):
 PSYoungGen      total 114688K, used 9193K [0x00000000d5f00000, 0x00000000dda00000, 0x0000000100000000)
  eden space 105472K, 0% used [0x00000000d5f00000,0x00000000d5f00000,0x00000000dc600000)
  from space 9216K, 99% used [0x00000000dd000000,0x00000000dd8fa500,0x00000000dd900000)
  to   space 10240K, 0% used [0x00000000dc600000,0x00000000dc600000,0x00000000dd000000)
 ParOldGen       total 57856K, used 8846K [0x0000000081c00000, 0x0000000085480000, 0x00000000d5f00000)
  object space 57856K, 15% used [0x0000000081c00000,0x00000000824a3a40,0x0000000085480000)
 Metaspace       used 28331K, capacity 29328K, committed 29440K, reserved 1075200K
  class space    used 3761K, capacity 3990K, committed 4096K, reserved 1048576K
}
Event: 5.072 GC heap before
{Heap before GC invocations=8 (full 1):
 PSYoungGen      total 114688K, used 68699K [0x00000000d5f00000, 0x00000000dda00000, 0x0000000100000000)
  eden space 105472K, 56% used [0x00000000d5f00000,0x00000000d991c978,0x00000000dc600000)
  from space 9216K, 99% used [0x00000000dd000000,0x00000000dd8fa500,0x00000000dd900000)
  to   space 10240K, 0% used [0x00000000dc600000,0x00000000dc600000,0x00000000dd000000)
 ParOldGen       total 57856K, used 8846K [0x0000000081c00000, 0x0000000085480000, 0x00000000d5f00000)
  object space 57856K, 15% used [0x0000000081c00000,0x00000000824a3a40,0x0000000085480000)
 Metaspace       used 34379K, capacity 35370K, committed 35456K, reserved 1079296K
  class space    used 4477K, capacity 4699K, committed 4736K, reserved 1048576K
Event: 5.084 GC heap after
Heap after GC invocations=8 (full 1):
 PSYoungGen      total 115712K, used 10221K [0x00000000d5f00000, 0x00000000e1a80000, 0x0000000100000000)
  eden space 105472K, 0% used [0x00000000d5f00000,0x00000000d5f00000,0x00000000dc600000)
  from space 10240K, 99% used [0x00000000dc600000,0x00000000dcffb7d8,0x00000000dd000000)
  to   space 12800K, 0% used [0x00000000e0e00000,0x00000000e0e00000,0x00000000e1a80000)
 ParOldGen       total 57856K, used 11966K [0x0000000081c00000, 0x0000000085480000, 0x00000000d5f00000)
  object space 57856K, 20% used [0x0000000081c00000,0x00000000827afa60,0x0000000085480000)
 Metaspace       used 34379K, capacity 35370K, committed 35456K, reserved 1079296K
  class space    used 4477K, capacity 4699K, committed 4736K, reserved 1048576K
}
Event: 5.084 GC heap before
{Heap before GC invocations=9 (full 2):
 PSYoungGen      total 115712K, used 10221K [0x00000000d5f00000, 0x00000000e1a80000, 0x0000000100000000)
  eden space 105472K, 0% used [0x00000000d5f00000,0x00000000d5f00000,0x00000000dc600000)
  from space 10240K, 99% used [0x00000000dc600000,0x00000000dcffb7d8,0x00000000dd000000)
  to   space 12800K, 0% used [0x00000000e0e00000,0x00000000e0e00000,0x00000000e1a80000)
 ParOldGen       total 57856K, used 11966K [0x0000000081c00000, 0x0000000085480000, 0x00000000d5f00000)
  object space 57856K, 20% used [0x0000000081c00000,0x00000000827afa60,0x0000000085480000)
 Metaspace       used 34379K, capacity 35370K, committed 35456K, reserved 1079296K
  class space    used 4477K, capacity 4699K, committed 4736K, reserved 1048576K
Event: 5.168 GC heap after
Heap after GC invocations=9 (full 2):
 PSYoungGen      total 115712K, used 0K [0x00000000d5f00000, 0x00000000e1a80000, 0x0000000100000000)
  eden space 105472K, 0% used [0x00000000d5f00000,0x00000000d5f00000,0x00000000dc600000)
  from space 10240K, 0% used [0x00000000dc600000,0x00000000dc600000,0x00000000dd000000)
  to   space 12800K, 0% used [0x00000000e0e00000,0x00000000e0e00000,0x00000000e1a80000)
 ParOldGen       total 97280K, used 18184K [0x0000000081c00000, 0x0000000087b00000, 0x00000000d5f00000)
  object space 97280K, 18% used [0x0000000081c00000,0x0000000082dc2030,0x0000000087b00000)
 Metaspace       used 34379K, capacity 35370K, committed 35456K, reserved 1079296K
  class space    used 4477K, capacity 4699K, committed 4736K, reserved 1048576K
}
Event: 6.072 GC heap before
{Heap before GC invocations=10 (full 2):
 PSYoungGen      total 115712K, used 105472K [0x00000000d5f00000, 0x00000000e1a80000, 0x0000000100000000)
  eden space 105472K, 100% used [0x00000000d5f00000,0x00000000dc600000,0x00000000dc600000)
  from space 10240K, 0% used [0x00000000dc600000,0x00000000dc600000,0x00000000dd000000)
  to   space 12800K, 0% used [0x00000000e0e00000,0x00000000e0e00000,0x00000000e1a80000)
 ParOldGen       total 97280K, used 18184K [0x0000000081c00000, 0x0000000087b00000, 0x00000000d5f00000)
  object space 97280K, 18% used [0x0000000081c00000,0x0000000082dc2030,0x0000000087b00000)
 Metaspace       used 40136K, capacity 41954K, committed 42240K, reserved 1085440K
  class space    used 5221K, capacity 5537K, committed 5632K, reserved 1048576K
Event: 6.082 GC heap after
Heap after GC invocations=10 (full 2):
 PSYoungGen      total 154112K, used 9931K [0x00000000d5f00000, 0x00000000e1800000, 0x0000000100000000)
  eden space 143872K, 0% used [0x00000000d5f00000,0x00000000d5f00000,0x00000000deb80000)
  from space 10240K, 96% used [0x00000000e0e00000,0x00000000e17b2d50,0x00000000e1800000)
  to   space 13312K, 0% used [0x00000000dfe00000,0x00000000dfe00000,0x00000000e0b00000)
 ParOldGen       total 97280K, used 18192K [0x0000000081c00000, 0x0000000087b00000, 0x00000000d5f00000)
  object space 97280K, 18% used [0x0000000081c00000,0x0000000082dc4030,0x0000000087b00000)
 Metaspace       used 40136K, capacity 41954K, committed 42240K, reserved 1085440K
  class space    used 5221K, capacity 5537K, committed 5632K, reserved 1048576K
}

